2025-10-17 10:31:30.921 | INFO     | app.core.logging_config:setup_logging:60 - Configuração de logging concluída e interceptadores ativados.
2025-10-17 10:31:36.867 | INFO     | main:log_requests:47 - Request: POST /api/v1/users/ | Status: 422 | Duration: 0.00ms
2025-10-17 10:31:58.938 | INFO     | main:log_requests:47 - Request: POST /api/v1/users/ | Status: 422 | Duration: 1.08ms
2025-10-17 10:32:32.627 | INFO     | main:log_requests:47 - Request: GET /docs | Status: 200 | Duration: 1.00ms
2025-10-17 10:32:32.825 | INFO     | main:log_requests:47 - Request: GET /openapi.json | Status: 200 | Duration: 61.81ms
2025-10-17 10:33:25.828 | DEBUG    | logging:callHandlers:1706 - detected 'bcrypt' backend, version '3.2.0'
2025-10-17 10:33:25.828 | DEBUG    | logging:callHandlers:1706 - 'bcrypt' backend lacks $2$ support, enabling workaround
2025-10-17 10:33:26.112 | INFO     | main:log_requests:47 - Request: POST /api/v1/users/ | Status: 201 | Duration: 691.47ms
2025-10-17 10:33:27.499 | INFO     | main:log_requests:47 - Request: POST /api/v1/users/ | Status: 401 | Duration: 3.29ms
2025-10-17 10:33:40.830 | INFO     | main:log_requests:47 - Request: POST /api/v1/users/ | Status: 401 | Duration: 0.61ms
2025-10-17 10:34:08.290 | DEBUG    | logging:callHandlers:1706 - Calling on_field_start with no data
2025-10-17 10:34:08.290 | DEBUG    | logging:callHandlers:1706 - Calling on_field_name with data[0:10]
2025-10-17 10:34:08.290 | DEBUG    | logging:callHandlers:1706 - Calling on_field_data with data[11:19]
2025-10-17 10:34:08.290 | DEBUG    | logging:callHandlers:1706 - Calling on_field_end with no data
2025-10-17 10:34:08.290 | DEBUG    | logging:callHandlers:1706 - Calling on_field_start with no data
2025-10-17 10:34:08.290 | DEBUG    | logging:callHandlers:1706 - Calling on_field_name with data[20:28]
2025-10-17 10:34:08.290 | DEBUG    | logging:callHandlers:1706 - Calling on_field_data with data[29:48]
2025-10-17 10:34:08.290 | DEBUG    | logging:callHandlers:1706 - Calling on_field_end with no data
2025-10-17 10:34:08.290 | DEBUG    | logging:callHandlers:1706 - Calling on_field_start with no data
2025-10-17 10:34:08.290 | DEBUG    | logging:callHandlers:1706 - Calling on_field_name with data[49:57]
2025-10-17 10:34:08.290 | DEBUG    | logging:callHandlers:1706 - Calling on_field_data with data[58:66]
2025-10-17 10:34:08.290 | DEBUG    | logging:callHandlers:1706 - Calling on_field_end with no data
2025-10-17 10:34:08.290 | DEBUG    | logging:callHandlers:1706 - Calling on_end with no data
2025-10-17 10:34:08.554 | INFO     | main:log_requests:47 - Request: POST /api/v1/login/access-token | Status: 200 | Duration: 263.80ms
2025-10-17 10:34:17.212 | DEBUG    | logging:callHandlers:1706 - Calling on_field_start with no data
2025-10-17 10:34:17.212 | DEBUG    | logging:callHandlers:1706 - Calling on_field_name with data[0:8]
2025-10-17 10:34:17.212 | DEBUG    | logging:callHandlers:1706 - Calling on_field_data with data[9:28]
2025-10-17 10:34:17.212 | DEBUG    | logging:callHandlers:1706 - Calling on_field_end with no data
2025-10-17 10:34:17.212 | DEBUG    | logging:callHandlers:1706 - Calling on_field_start with no data
2025-10-17 10:34:17.212 | DEBUG    | logging:callHandlers:1706 - Calling on_field_name with data[29:37]
2025-10-17 10:34:17.212 | DEBUG    | logging:callHandlers:1706 - Calling on_field_data with data[38:46]
2025-10-17 10:34:17.212 | DEBUG    | logging:callHandlers:1706 - Calling on_field_end with no data
2025-10-17 10:34:17.212 | DEBUG    | logging:callHandlers:1706 - Calling on_end with no data
2025-10-17 10:34:17.495 | INFO     | main:log_requests:47 - Request: POST /api/v1/login/access-token | Status: 200 | Duration: 283.15ms
2025-10-17 10:34:17.505 | INFO     | main:log_requests:47 - Request: GET /api/v1/users/me | Status: 200 | Duration: 4.00ms
2025-10-17 10:35:17.290 | INFO     | main:log_requests:47 - Request: POST /api/v1/stores/ | Status: 201 | Duration: 13.55ms
2025-10-17 10:36:18.383 | INFO     | main:log_requests:47 - Request: POST /api/v1/users/ | Status: 201 | Duration: 261.55ms
2025-10-17 10:36:37.418 | DEBUG    | logging:callHandlers:1706 - Calling on_field_start with no data
2025-10-17 10:36:37.418 | DEBUG    | logging:callHandlers:1706 - Calling on_field_name with data[0:8]
2025-10-17 10:36:37.418 | DEBUG    | logging:callHandlers:1706 - Calling on_field_data with data[9:33]
2025-10-17 10:36:37.418 | DEBUG    | logging:callHandlers:1706 - Calling on_field_end with no data
2025-10-17 10:36:37.418 | DEBUG    | logging:callHandlers:1706 - Calling on_field_start with no data
2025-10-17 10:36:37.418 | DEBUG    | logging:callHandlers:1706 - Calling on_field_name with data[34:42]
2025-10-17 10:36:37.418 | DEBUG    | logging:callHandlers:1706 - Calling on_field_data with data[43:51]
2025-10-17 10:36:37.418 | DEBUG    | logging:callHandlers:1706 - Calling on_field_end with no data
2025-10-17 10:36:37.418 | DEBUG    | logging:callHandlers:1706 - Calling on_end with no data
2025-10-17 10:36:37.703 | INFO     | main:log_requests:47 - Request: POST /api/v1/login/access-token | Status: 200 | Duration: 284.43ms
2025-10-17 10:36:37.719 | INFO     | main:log_requests:47 - Request: GET /api/v1/users/me | Status: 200 | Duration: 0.56ms
2025-10-17 10:36:47.314 | INFO     | main:log_requests:47 - Request: GET /api/v1/customers/ | Status: 200 | Duration: 7.53ms
2025-10-17 10:36:47.314 | INFO     | main:log_requests:47 - Request: GET /api/v1/customers/ | Status: 200 | Duration: 0.00ms
2025-10-17 10:36:51.732 | INFO     | main:log_requests:47 - Request: POST /api/v1/customers/ | Status: 201 | Duration: 16.26ms
2025-10-17 10:36:51.732 | INFO     | main:log_requests:47 - Request: GET /api/v1/customers/ | Status: 200 | Duration: 0.00ms
2025-10-17 10:49:23.334 | INFO     | main:log_requests:47 - Request: GET /api/v1/users/me | Status: 200 | Duration: 7.89ms
2025-10-17 10:49:23.342 | INFO     | main:log_requests:47 - Request: GET /api/v1/users/me | Status: 200 | Duration: 5.97ms
